2022-07-12 11:42:22: == Sync Started by User Command
2022-07-12 11:42:22: Create Folder ftp://psrt.cusat.ac.in:21/public_html/PSRTNEW/.idea
- ERROR: Cannot create folder: Server says: Create directory operation failed.
2022-07-12 11:42:22: Copy Over 'C:/personal files/polymer_develop/academics.php' -> 'ftp://psrt.cusat.ac.in:21/public_html/PSRTNEW/academics.php' (10,002)
2022-07-12 11:42:22: Copy Over 'C:/personal files/polymer_develop/committees.php' -> 'ftp://psrt.cusat.ac.in:21/public_html/PSRTNEW/committees.php' (4,640)
2022-07-12 11:42:22: Copy Over 'C:/personal files/polymer_develop/anti-ragging.php' -> 'ftp://psrt.cusat.ac.in:21/public_html/PSRTNEW/anti-ragging.php' (2,313)
2022-07-12 11:42:22: Copy Over 'C:/personal files/polymer_develop/contact.php' -> 'ftp://psrt.cusat.ac.in:21/public_html/PSRTNEW/contact.php' (911)
2022-07-12 11:42:22: Copy Over 'C:/personal files/polymer_develop/css/animate.min.css' -> 'ftp://psrt.cusat.ac.in:21/public_html/PSRTNEW/css/animate.min.css' (53,348)
2022-07-12 11:42:22: Copy Over 'C:/personal files/polymer_develop/css/bootstrap-grid.css' -> 'ftp://psrt.cusat.ac.in:21/public_html/PSRTNEW/css/bootstrap-grid.css' (72,279)
2022-07-12 11:42:23: Copy Over 'C:/personal files/polymer_develop/css/bootstrap-grid.min.css' -> 'ftp://psrt.cusat.ac.in:21/public_html/PSRTNEW/css/bootstrap-grid.min.css' (52,805)
2022-07-12 11:42:23: Copy Over 'C:/personal files/polymer_develop/css/bootstrap-grid.css.map' -> 'ftp://psrt.cusat.ac.in:21/public_html/PSRTNEW/css/bootstrap-grid.css.map' (201,507)
2022-07-12 11:42:23: Copy Over 'C:/personal files/polymer_develop/css/bootstrap-grid.min.css.map' -> 'ftp://psrt.cusat.ac.in:21/public_html/PSRTNEW/css/bootstrap-grid.min.css.map' (122,306)
2022-07-12 11:42:23: Copy Over 'C:/personal files/polymer_develop/css/bootstrap-grid.rtl.css.map' -> 'ftp://psrt.cusat.ac.in:21/public_html/PSRTNEW/css/bootstrap-grid.rtl.css.map' (201,511)
2022-07-12 11:42:23: Copy Over 'C:/personal files/polymer_develop/css/bootstrap-grid.rtl.css' -> 'ftp://psrt.cusat.ac.in:21/public_html/PSRTNEW/css/bootstrap-grid.rtl.css' (72,353)
2022-07-12 11:42:23: Copy Over 'C:/personal files/polymer_develop/css/bootstrap-grid.rtl.min.css' -> 'ftp://psrt.cusat.ac.in:21/public_html/PSRTNEW/css/bootstrap-grid.rtl.min.css' (52,880)
2022-07-12 11:42:23: Copy Over 'C:/personal files/polymer_develop/css/bootstrap-grid.rtl.min.css.map' -> 'ftp://psrt.cusat.ac.in:21/public_html/PSRTNEW/css/bootstrap-grid.rtl.min.css.map' (122,383)
2022-07-12 11:42:23: Copy Over 'C:/personal files/polymer_develop/css/bootstrap-reboot.css' -> 'ftp://psrt.cusat.ac.in:21/public_html/PSRTNEW/css/bootstrap-reboot.css' (7,578)
2022-07-12 11:42:23: Copy Over 'C:/personal files/polymer_develop/css/bootstrap-reboot.min.css' -> 'ftp://psrt.cusat.ac.in:21/public_html/PSRTNEW/css/bootstrap-reboot.min.css' (6,120)
2022-07-12 11:42:23: Copy Over 'C:/personal files/polymer_develop/css/bootstrap-reboot.min.css.map' -> 'ftp://psrt.cusat.ac.in:21/public_html/PSRTNEW/css/bootstrap-reboot.min.css.map' (39,730)
2022-07-12 11:42:23: Copy Over 'C:/personal files/polymer_develop/css/bootstrap-reboot.rtl.css' -> 'ftp://psrt.cusat.ac.in:21/public_html/PSRTNEW/css/bootstrap-reboot.rtl.css' (7,555)
2022-07-12 11:42:23: Copy Over 'C:/personal files/polymer_develop/css/bootstrap-reboot.rtl.css.map' -> 'ftp://psrt.cusat.ac.in:21/public_html/PSRTNEW/css/bootstrap-reboot.rtl.css.map' (109,632)
2022-07-12 11:42:23: Copy Over 'C:/personal files/polymer_develop/css/bootstrap-reboot.rtl.min.css' -> 'ftp://psrt.cusat.ac.in:21/public_html/PSRTNEW/css/bootstrap-reboot.rtl.min.css' (6,192)
2022-07-12 11:42:23: Copy Over 'C:/personal files/polymer_develop/css/bootstrap-reboot.rtl.min.css.map' -> 'ftp://psrt.cusat.ac.in:21/public_html/PSRTNEW/css/bootstrap-reboot.rtl.min.css.map' (47,717)
2022-07-12 11:42:23: Copy Over 'C:/personal files/polymer_develop/css/bootstrap-utilities.css' -> 'ftp://psrt.cusat.ac.in:21/public_html/PSRTNEW/css/bootstrap-utilities.css' (71,560)
2022-07-12 11:42:23: Copy Over 'C:/personal files/polymer_develop/css/bootstrap-utilities.min.css' -> 'ftp://psrt.cusat.ac.in:21/public_html/PSRTNEW/css/bootstrap-utilities.min.css' (53,455)
2022-07-12 11:42:23: Copy Over 'C:/personal files/polymer_develop/css/bootstrap-utilities.css.map' -> 'ftp://psrt.cusat.ac.in:21/public_html/PSRTNEW/css/bootstrap-utilities.css.map' (192,717)
2022-07-12 11:42:23: Copy Over 'C:/personal files/polymer_develop/css/bootstrap-reboot.css.map' -> 'ftp://psrt.cusat.ac.in:21/public_html/PSRTNEW/css/bootstrap-reboot.css.map' (109,619)
2022-07-12 11:42:24: Copy Over 'C:/personal files/polymer_develop/css/bootstrap-utilities.min.css.map' -> 'ftp://psrt.cusat.ac.in:21/public_html/PSRTNEW/css/bootstrap-utilities.min.css.map' (111,849)
2022-07-12 11:42:24: Copy Over 'C:/personal files/polymer_develop/css/bootstrap-utilities.rtl.css.map' -> 'ftp://psrt.cusat.ac.in:21/public_html/PSRTNEW/css/bootstrap-utilities.rtl.css.map' (192,660)
2022-07-12 11:42:24: Copy Over 'C:/personal files/polymer_develop/css/bootstrap-utilities.rtl.min.css' -> 'ftp://psrt.cusat.ac.in:21/public_html/PSRTNEW/css/bootstrap-utilities.rtl.min.css' (53,383)
2022-07-12 11:42:24: Copy Over 'C:/personal files/polymer_develop/css/bootstrap-utilities.rtl.min.css.map' -> 'ftp://psrt.cusat.ac.in:21/public_html/PSRTNEW/css/bootstrap-utilities.rtl.min.css.map' (111,684)
2022-07-12 11:42:24: Copy Over 'C:/personal files/polymer_develop/css/bootstrap.css' -> 'ftp://psrt.cusat.ac.in:21/public_html/PSRTNEW/css/bootstrap.css' (205,484)
2022-07-12 11:42:24: Copy Over 'C:/personal files/polymer_develop/css/bootstrap.css.map' -> 'ftp://psrt.cusat.ac.in:21/public_html/PSRTNEW/css/bootstrap.css.map' (538,014)
2022-07-12 11:42:24: Copy Over 'C:/personal files/polymer_develop/css/bootstrap.min.css.map' -> 'ftp://psrt.cusat.ac.in:21/public_html/PSRTNEW/css/bootstrap.min.css.map' (451,427)
2022-07-12 11:42:24: Copy Over 'C:/personal files/polymer_develop/css/bootstrap-utilities.rtl.css' -> 'ftp://psrt.cusat.ac.in:21/public_html/PSRTNEW/css/bootstrap-utilities.rtl.css' (71,427)
2022-07-12 11:42:24: Copy Over 'C:/personal files/polymer_develop/css/bootstrap.rtl.css' -> 'ftp://psrt.cusat.ac.in:21/public_html/PSRTNEW/css/bootstrap.rtl.css' (205,151)
2022-07-12 11:42:24: Copy Over 'C:/personal files/polymer_develop/css/bootstrap.min.css' -> 'ftp://psrt.cusat.ac.in:21/public_html/PSRTNEW/css/bootstrap.min.css' (163,873)
2022-07-12 11:42:24: Copy Over 'C:/personal files/polymer_develop/css/bootstrap.rtl.min.css' -> 'ftp://psrt.cusat.ac.in:21/public_html/PSRTNEW/css/bootstrap.rtl.min.css' (163,978)
2022-07-12 11:42:24: Copy Over 'C:/personal files/polymer_develop/css/bootstrap.rtl.css.map' -> 'ftp://psrt.cusat.ac.in:21/public_html/PSRTNEW/css/bootstrap.rtl.css.map' (537,928)
2022-07-12 11:42:24: Copy Over 'C:/personal files/polymer_develop/css/lightboxed.css' -> 'ftp://psrt.cusat.ac.in:21/public_html/PSRTNEW/css/lightboxed.css' (3,144)
2022-07-12 11:42:24: Copy Over 'C:/personal files/polymer_develop/css/psrt_styles.css' -> 'ftp://psrt.cusat.ac.in:21/public_html/PSRTNEW/css/psrt_styles.css' (6,134)
2022-07-12 11:42:25: Copy Over 'C:/personal files/polymer_develop/css/psrt_styles.css.map' -> 'ftp://psrt.cusat.ac.in:21/public_html/PSRTNEW/css/psrt_styles.css.map' (1,260)
2022-07-12 11:42:25: Copy Over 'C:/personal files/polymer_develop/css/stellarnav.min.css' -> 'ftp://psrt.cusat.ac.in:21/public_html/PSRTNEW/css/stellarnav.min.css' (9,744)
2022-07-12 11:42:25: Copy Over 'C:/personal files/polymer_develop/css/bootstrap.rtl.min.css.map' -> 'ftp://psrt.cusat.ac.in:21/public_html/PSRTNEW/css/bootstrap.rtl.min.css.map' (663,486)
2022-07-12 11:42:25: Copy Over 'C:/personal files/polymer_develop/datafiles/faculty.csv' -> 'ftp://psrt.cusat.ac.in:21/public_html/PSRTNEW/datafiles/faculty.csv' (1,021)
2022-07-12 11:42:25: Copy Over 'C:/personal files/polymer_develop/datafiles/faculty-former.csv' -> 'ftp://psrt.cusat.ac.in:21/public_html/PSRTNEW/datafiles/faculty-former.csv' (279)
2022-07-12 11:42:25: Copy Over 'C:/personal files/polymer_develop/datafiles/instruments-gallery.csv' -> 'ftp://psrt.cusat.ac.in:21/public_html/PSRTNEW/datafiles/instruments-gallery.csv' (506)
2022-07-12 11:42:25: Copy Over 'C:/personal files/polymer_develop/datafiles/table-alumni.csv' -> 'ftp://psrt.cusat.ac.in:21/public_html/PSRTNEW/datafiles/table-alumni.csv' (436)
2022-07-12 11:42:25: Copy Over 'C:/personal files/polymer_develop/datafiles/main-nav.csv' -> 'ftp://psrt.cusat.ac.in:21/public_html/PSRTNEW/datafiles/main-nav.csv' (1,507)
2022-07-12 11:42:25: Copy Over 'C:/personal files/polymer_develop/datafiles/table-anti-ragging-helpline.csv' -> 'ftp://psrt.cusat.ac.in:21/public_html/PSRTNEW/datafiles/table-anti-ragging-helpline.csv' (459)
2022-07-12 11:42:25: Copy Over 'C:/personal files/polymer_develop/datafiles/table-anti-ragging-squad.csv' -> 'ftp://psrt.cusat.ac.in:21/public_html/PSRTNEW/datafiles/table-anti-ragging-squad.csv' (132)
2022-07-12 11:42:25: Copy Over 'C:/personal files/polymer_develop/datafiles/table-library.csv' -> 'ftp://psrt.cusat.ac.in:21/public_html/PSRTNEW/datafiles/table-library.csv' (106)
2022-07-12 11:42:25: Copy Over 'C:/personal files/polymer_develop/datafiles/table-facilities.csv' -> 'ftp://psrt.cusat.ac.in:21/public_html/PSRTNEW/datafiles/table-facilities.csv' (1,936)
2022-07-12 11:42:25: Copy Over 'C:/personal files/polymer_develop/datafiles/table-phd-research-areas.csv' -> 'ftp://psrt.cusat.ac.in:21/public_html/PSRTNEW/datafiles/table-phd-research-areas.csv' (353)
2022-07-12 11:42:25: Copy Over 'C:/personal files/polymer_develop/datafiles/table-phd-awardees.csv' -> 'ftp://psrt.cusat.ac.in:21/public_html/PSRTNEW/datafiles/table-phd-awardees.csv' (2,513)
2022-07-12 11:42:25: Copy Over 'C:/personal files/polymer_develop/datafiles/table-phdstudents.csv' -> 'ftp://psrt.cusat.ac.in:21/public_html/PSRTNEW/datafiles/table-phdstudents.csv' (3,820)
2022-07-12 11:42:25: Copy Over 'C:/personal files/polymer_develop/datafiles/table-pta-members.csv' -> 'ftp://psrt.cusat.ac.in:21/public_html/PSRTNEW/datafiles/table-pta-members.csv' (815)
2022-07-12 11:42:25: Copy Over 'C:/personal files/polymer_develop/datafiles/table-testing-charges.csv' -> 'ftp://psrt.cusat.ac.in:21/public_html/PSRTNEW/datafiles/table-testing-charges.csv' (1,803)
2022-07-12 11:42:25: Copy Over 'C:/personal files/polymer_develop/datafiles/top-menu.csv' -> 'ftp://psrt.cusat.ac.in:21/public_html/PSRTNEW/datafiles/top-menu.csv' (153)
2022-07-12 11:42:25: Copy New 'C:/personal files/polymer_develop/error_log' -> 'ftp://psrt.cusat.ac.in:21/public_html/PSRTNEW/error_log' (679)
2022-07-12 11:42:25: Copy Over 'C:/personal files/polymer_develop/datafiles/vertical-menu.csv' -> 'ftp://psrt.cusat.ac.in:21/public_html/PSRTNEW/datafiles/vertical-menu.csv' (339)
2022-07-12 11:42:25: Copy Over 'C:/personal files/polymer_develop/faculty.php' -> 'ftp://psrt.cusat.ac.in:21/public_html/PSRTNEW/faculty.php' (1,369)
2022-07-12 11:42:25: Copy Over 'C:/personal files/polymer_develop/gallery.php' -> 'ftp://psrt.cusat.ac.in:21/public_html/PSRTNEW/gallery.php' (433)
2022-07-12 11:42:25: Copy Over 'C:/personal files/polymer_develop/history.php' -> 'ftp://psrt.cusat.ac.in:21/public_html/PSRTNEW/history.php' (7,923)
2022-07-12 11:42:25: Copy Over 'C:/personal files/polymer_develop/images/carousel/carousel_01.jpg' -> 'ftp://psrt.cusat.ac.in:21/public_html/PSRTNEW/images/carousel/carousel_01.jpg' (113,892)
2022-07-12 11:42:25: Copy Over 'C:/personal files/polymer_develop/images/carousel/carousel_02.jpg' -> 'ftp://psrt.cusat.ac.in:21/public_html/PSRTNEW/images/carousel/carousel_02.jpg' (137,813)
2022-07-12 11:42:25: Copy Over 'C:/personal files/polymer_develop/images/carousel/carousel_03.jpg' -> 'ftp://psrt.cusat.ac.in:21/public_html/PSRTNEW/images/carousel/carousel_03.jpg' (95,807)
2022-07-12 11:42:25: Copy Over 'C:/personal files/polymer_develop/images/carousel/carousel_04.jpg' -> 'ftp://psrt.cusat.ac.in:21/public_html/PSRTNEW/images/carousel/carousel_04.jpg' (85,764)
2022-07-12 11:42:25: Copy Over 'C:/personal files/polymer_develop/images/cusat-logo-mobile.svg' -> 'ftp://psrt.cusat.ac.in:21/public_html/PSRTNEW/images/cusat-logo-mobile.svg' (50,713)
2022-07-12 11:42:25: Copy Over 'C:/personal files/polymer_develop/images/cusat-logo.svg' -> 'ftp://psrt.cusat.ac.in:21/public_html/PSRTNEW/images/cusat-logo.svg' (50,003)
2022-07-12 11:42:25: Copy Over 'C:/personal files/polymer_develop/images/facility_01.jpg' -> 'ftp://psrt.cusat.ac.in:21/public_html/PSRTNEW/images/facility_01.jpg' (62,332)
2022-07-12 11:42:25: Copy Over 'C:/personal files/polymer_develop/images/facility_02.jpg' -> 'ftp://psrt.cusat.ac.in:21/public_html/PSRTNEW/images/facility_02.jpg' (73,996)
2022-07-12 11:42:25: Copy Over 'C:/personal files/polymer_develop/images/faculty/dr-abhitha.jpg' -> 'ftp://psrt.cusat.ac.in:21/public_html/PSRTNEW/images/faculty/dr-abhitha.jpg' (6,718)
2022-07-12 11:42:25: Copy Over 'C:/personal files/polymer_develop/images/faculty/dr-cpr-nair.jpg' -> 'ftp://psrt.cusat.ac.in:21/public_html/PSRTNEW/images/faculty/dr-cpr-nair.jpg' (8,167)
2022-07-12 11:42:25: Copy Over 'C:/personal files/polymer_develop/images/faculty/dr-jayalatha.jpg' -> 'ftp://psrt.cusat.ac.in:21/public_html/PSRTNEW/images/faculty/dr-jayalatha.jpg' (6,042)
2022-07-12 11:42:25: Copy Over 'C:/personal files/polymer_develop/images/faculty/dr-honey.jpg' -> 'ftp://psrt.cusat.ac.in:21/public_html/PSRTNEW/images/faculty/dr-honey.jpg' (6,847)
2022-07-12 11:42:25: Copy Over 'C:/personal files/polymer_develop/images/faculty/dr-jinu.jpg' -> 'ftp://psrt.cusat.ac.in:21/public_html/PSRTNEW/images/faculty/dr-jinu.jpg' (6,220)
2022-07-12 11:42:25: Copy Over 'C:/personal files/polymer_develop/images/faculty/dr-prasanth.jpg' -> 'ftp://psrt.cusat.ac.in:21/public_html/PSRTNEW/images/faculty/dr-prasanth.jpg' (6,881)
2022-07-12 11:42:25: Copy Over 'C:/personal files/polymer_develop/images/faculty/dr-sailaja.jpg' -> 'ftp://psrt.cusat.ac.in:21/public_html/PSRTNEW/images/faculty/dr-sailaja.jpg' (7,510)
2022-07-12 11:42:25: Copy Over 'C:/personal files/polymer_develop/images/faculty/dr-sari.jpg' -> 'ftp://psrt.cusat.ac.in:21/public_html/PSRTNEW/images/faculty/dr-sari.jpg' (7,729)
2022-07-12 11:42:25: Copy Over 'C:/personal files/polymer_develop/images/faculty/dr-sunil.jpg' -> 'ftp://psrt.cusat.ac.in:21/public_html/PSRTNEW/images/faculty/dr-sunil.jpg' (6,603)
2022-07-12 11:42:25: Copy Over 'C:/personal files/polymer_develop/images/faculty/dr-thomas.jpg' -> 'ftp://psrt.cusat.ac.in:21/public_html/PSRTNEW/images/faculty/dr-thomas.jpg' (7,076)
2022-07-12 11:42:25: Copy Over 'C:/personal files/polymer_develop/images/faculty/prof-djfrancis.jpg' -> 'ftp://psrt.cusat.ac.in:21/public_html/PSRTNEW/images/faculty/prof-djfrancis.jpg' (5,670)
2022-07-12 11:42:25: Copy Over 'C:/personal files/polymer_develop/images/faculty/prof-ebi.jpg' -> 'ftp://psrt.cusat.ac.in:21/public_html/PSRTNEW/images/faculty/prof-ebi.jpg' (6,325)
2022-07-12 11:42:25: Copy Over 'C:/personal files/polymer_develop/images/faculty/prof-philip.jpg' -> 'ftp://psrt.cusat.ac.in:21/public_html/PSRTNEW/images/faculty/prof-philip.jpg' (6,025)
2022-07-12 11:42:25: Copy Over 'C:/personal files/polymer_develop/images/faculty/prof-kegeorge.jpg' -> 'ftp://psrt.cusat.ac.in:21/public_html/PSRTNEW/images/faculty/prof-kegeorge.jpg' (6,254)
2022-07-12 11:42:25: Copy Over 'C:/personal files/polymer_develop/images/faculty/prof-rani.jpg' -> 'ftp://psrt.cusat.ac.in:21/public_html/PSRTNEW/images/faculty/prof-rani.jpg' (6,227)
2022-07-12 11:42:25: Copy Over 'C:/personal files/polymer_develop/images/gallery/gallery_01.jpg' -> 'ftp://psrt.cusat.ac.in:21/public_html/PSRTNEW/images/gallery/gallery_01.jpg' (157,271)
2022-07-12 11:42:25: Copy Over 'C:/personal files/polymer_develop/images/faculty/prof-apkuriakose.jpg' -> 'ftp://psrt.cusat.ac.in:21/public_html/PSRTNEW/images/faculty/prof-apkuriakose.jpg' (5,263)
2022-07-12 11:42:25: Copy Over 'C:/personal files/polymer_develop/images/gallery/gallery_02.jpg' -> 'ftp://psrt.cusat.ac.in:21/public_html/PSRTNEW/images/gallery/gallery_02.jpg' (68,028)
2022-07-12 11:42:26: Copy Over 'C:/personal files/polymer_develop/images/gallery/gallery_03.jpg' -> 'ftp://psrt.cusat.ac.in:21/public_html/PSRTNEW/images/gallery/gallery_03.jpg' (126,409)
2022-07-12 11:42:26: Copy Over 'C:/personal files/polymer_develop/images/gallery/gallery_05.jpg' -> 'ftp://psrt.cusat.ac.in:21/public_html/PSRTNEW/images/gallery/gallery_05.jpg' (98,059)
2022-07-12 11:42:26: Copy Over 'C:/personal files/polymer_develop/images/gallery/gallery_04.jpg' -> 'ftp://psrt.cusat.ac.in:21/public_html/PSRTNEW/images/gallery/gallery_04.jpg' (98,735)
2022-07-12 11:42:26: Copy Over 'C:/personal files/polymer_develop/images/gallery/gallery_06.jpg' -> 'ftp://psrt.cusat.ac.in:21/public_html/PSRTNEW/images/gallery/gallery_06.jpg' (84,035)
2022-07-12 11:42:26: Copy Over 'C:/personal files/polymer_develop/images/gallery/gallery_07.jpg' -> 'ftp://psrt.cusat.ac.in:21/public_html/PSRTNEW/images/gallery/gallery_07.jpg' (127,793)
2022-07-12 11:42:26: Copy Over 'C:/personal files/polymer_develop/images/gallery/gallery_08.jpg' -> 'ftp://psrt.cusat.ac.in:21/public_html/PSRTNEW/images/gallery/gallery_08.jpg' (108,979)
2022-07-12 11:42:26: Copy Over 'C:/personal files/polymer_develop/images/gallery/gallery_09.jpg' -> 'ftp://psrt.cusat.ac.in:21/public_html/PSRTNEW/images/gallery/gallery_09.jpg' (63,715)
2022-07-12 11:42:26: Copy Over 'C:/personal files/polymer_develop/images/gallery/gallery_10.jpg' -> 'ftp://psrt.cusat.ac.in:21/public_html/PSRTNEW/images/gallery/gallery_10.jpg' (81,231)
2022-07-12 11:42:26: Copy Over 'C:/personal files/polymer_develop/images/gallery/gallery_11.jpg' -> 'ftp://psrt.cusat.ac.in:21/public_html/PSRTNEW/images/gallery/gallery_11.jpg' (53,472)
2022-07-12 11:42:26: Copy Over 'C:/personal files/polymer_develop/images/gallery/gallery_13.jpg' -> 'ftp://psrt.cusat.ac.in:21/public_html/PSRTNEW/images/gallery/gallery_13.jpg' (89,115)
2022-07-12 11:42:26: Copy Over 'C:/personal files/polymer_develop/images/gallery/gallery_14.jpg' -> 'ftp://psrt.cusat.ac.in:21/public_html/PSRTNEW/images/gallery/gallery_14.jpg' (62,444)
2022-07-12 11:42:26: Copy Over 'C:/personal files/polymer_develop/images/gallery/gallery_15.jpg' -> 'ftp://psrt.cusat.ac.in:21/public_html/PSRTNEW/images/gallery/gallery_15.jpg' (92,868)
2022-07-12 11:42:26: Copy Over 'C:/personal files/polymer_develop/images/gallery/gallery_16.jpg' -> 'ftp://psrt.cusat.ac.in:21/public_html/PSRTNEW/images/gallery/gallery_16.jpg' (97,765)
2022-07-12 11:42:26: Copy Over 'C:/personal files/polymer_develop/images/gallery/gallery_17.jpg' -> 'ftp://psrt.cusat.ac.in:21/public_html/PSRTNEW/images/gallery/gallery_17.jpg' (165,563)
2022-07-12 11:42:26: Copy Over 'C:/personal files/polymer_develop/images/gallery/gallery_18.jpg' -> 'ftp://psrt.cusat.ac.in:21/public_html/PSRTNEW/images/gallery/gallery_18.jpg' (107,668)
2022-07-12 11:42:26: Copy Over 'C:/personal files/polymer_develop/images/gallery/gallery_19.jpg' -> 'ftp://psrt.cusat.ac.in:21/public_html/PSRTNEW/images/gallery/gallery_19.jpg' (102,473)
2022-07-12 11:42:26: Copy Over 'C:/personal files/polymer_develop/images/gallery/gallery_20.jpg' -> 'ftp://psrt.cusat.ac.in:21/public_html/PSRTNEW/images/gallery/gallery_20.jpg' (91,663)
2022-07-12 11:42:26: Copy Over 'C:/personal files/polymer_develop/images/gallery/gallery_12.jpg' -> 'ftp://psrt.cusat.ac.in:21/public_html/PSRTNEW/images/gallery/gallery_12.jpg' (105,130)
2022-07-12 11:42:26: Copy Over 'C:/personal files/polymer_develop/images/gallery/gallery_22.jpg' -> 'ftp://psrt.cusat.ac.in:21/public_html/PSRTNEW/images/gallery/gallery_22.jpg' (49,791)
2022-07-12 11:42:26: Copy Over 'C:/personal files/polymer_develop/images/gallery/gallery_21.jpg' -> 'ftp://psrt.cusat.ac.in:21/public_html/PSRTNEW/images/gallery/gallery_21.jpg' (142,349)
2022-07-12 11:42:26: Copy Over 'C:/personal files/polymer_develop/images/gallery/gallery_23.jpg' -> 'ftp://psrt.cusat.ac.in:21/public_html/PSRTNEW/images/gallery/gallery_23.jpg' (84,733)
2022-07-12 11:42:26: Copy Over 'C:/personal files/polymer_develop/images/gallery/thumbs/gallery_01_small.jpg' -> 'ftp://psrt.cusat.ac.in:21/public_html/PSRTNEW/images/gallery/thumbs/gallery_01_small.jpg' (37,741)
2022-07-12 11:42:26: Copy Over 'C:/personal files/polymer_develop/images/gallery/thumbs/gallery_02_small.jpg' -> 'ftp://psrt.cusat.ac.in:21/public_html/PSRTNEW/images/gallery/thumbs/gallery_02_small.jpg' (21,717)
2022-07-12 11:42:26: Copy Over 'C:/personal files/polymer_develop/images/gallery/gallery_24.jpg' -> 'ftp://psrt.cusat.ac.in:21/public_html/PSRTNEW/images/gallery/gallery_24.jpg' (65,430)
2022-07-12 11:42:26: Copy Over 'C:/personal files/polymer_develop/images/gallery/thumbs/gallery_03_small.jpg' -> 'ftp://psrt.cusat.ac.in:21/public_html/PSRTNEW/images/gallery/thumbs/gallery_03_small.jpg' (27,697)
2022-07-12 11:42:26: Copy Over 'C:/personal files/polymer_develop/images/gallery/thumbs/gallery_04_small.jpg' -> 'ftp://psrt.cusat.ac.in:21/public_html/PSRTNEW/images/gallery/thumbs/gallery_04_small.jpg' (28,755)
2022-07-12 11:42:26: Copy Over 'C:/personal files/polymer_develop/images/gallery/thumbs/gallery_05_small.jpg' -> 'ftp://psrt.cusat.ac.in:21/public_html/PSRTNEW/images/gallery/thumbs/gallery_05_small.jpg' (30,239)
2022-07-12 11:42:26: Copy Over 'C:/personal files/polymer_develop/images/gallery/thumbs/gallery_08_small.jpg' -> 'ftp://psrt.cusat.ac.in:21/public_html/PSRTNEW/images/gallery/thumbs/gallery_08_small.jpg' (30,318)
2022-07-12 11:42:26: Copy Over 'C:/personal files/polymer_develop/images/gallery/thumbs/gallery_06_small.jpg' -> 'ftp://psrt.cusat.ac.in:21/public_html/PSRTNEW/images/gallery/thumbs/gallery_06_small.jpg' (27,747)
2022-07-12 11:42:26: Copy Over 'C:/personal files/polymer_develop/images/gallery/thumbs/gallery_07_small.jpg' -> 'ftp://psrt.cusat.ac.in:21/public_html/PSRTNEW/images/gallery/thumbs/gallery_07_small.jpg' (31,951)
2022-07-12 11:42:27: Copy Over 'C:/personal files/polymer_develop/images/gallery/thumbs/gallery_11_small.jpg' -> 'ftp://psrt.cusat.ac.in:21/public_html/PSRTNEW/images/gallery/thumbs/gallery_11_small.jpg' (21,336)
2022-07-12 11:42:27: Copy Over 'C:/personal files/polymer_develop/images/gallery/thumbs/gallery_10_small.jpg' -> 'ftp://psrt.cusat.ac.in:21/public_html/PSRTNEW/images/gallery/thumbs/gallery_10_small.jpg' (24,559)
2022-07-12 11:42:27: Copy Over 'C:/personal files/polymer_develop/images/gallery/thumbs/gallery_09_small.jpg' -> 'ftp://psrt.cusat.ac.in:21/public_html/PSRTNEW/images/gallery/thumbs/gallery_09_small.jpg' (21,920)
2022-07-12 11:42:27: Copy Over 'C:/personal files/polymer_develop/images/gallery/thumbs/gallery_12_small.jpg' -> 'ftp://psrt.cusat.ac.in:21/public_html/PSRTNEW/images/gallery/thumbs/gallery_12_small.jpg' (27,022)
2022-07-12 11:42:27: Copy Over 'C:/personal files/polymer_develop/images/gallery/thumbs/gallery_13_small.jpg' -> 'ftp://psrt.cusat.ac.in:21/public_html/PSRTNEW/images/gallery/thumbs/gallery_13_small.jpg' (21,792)
2022-07-12 11:42:27: Copy Over 'C:/personal files/polymer_develop/images/gallery/thumbs/gallery_14_small.jpg' -> 'ftp://psrt.cusat.ac.in:21/public_html/PSRTNEW/images/gallery/thumbs/gallery_14_small.jpg' (21,169)
2022-07-12 11:42:27: Copy Over 'C:/personal files/polymer_develop/images/gallery/thumbs/gallery_15_small.jpg' -> 'ftp://psrt.cusat.ac.in:21/public_html/PSRTNEW/images/gallery/thumbs/gallery_15_small.jpg' (30,118)
2022-07-12 11:42:27: Copy Over 'C:/personal files/polymer_develop/images/gallery/thumbs/gallery_17_small.jpg' -> 'ftp://psrt.cusat.ac.in:21/public_html/PSRTNEW/images/gallery/thumbs/gallery_17_small.jpg' (34,355)
2022-07-12 11:42:27: Copy Over 'C:/personal files/polymer_develop/images/gallery/thumbs/gallery_18_small.jpg' -> 'ftp://psrt.cusat.ac.in:21/public_html/PSRTNEW/images/gallery/thumbs/gallery_18_small.jpg' (25,655)
2022-07-12 11:42:27: Copy Over 'C:/personal files/polymer_develop/images/gallery/thumbs/gallery_19_small.jpg' -> 'ftp://psrt.cusat.ac.in:21/public_html/PSRTNEW/images/gallery/thumbs/gallery_19_small.jpg' (24,628)
2022-07-12 11:42:27: Copy Over 'C:/personal files/polymer_develop/images/gallery/thumbs/gallery_20_small.jpg' -> 'ftp://psrt.cusat.ac.in:21/public_html/PSRTNEW/images/gallery/thumbs/gallery_20_small.jpg' (22,027)
2022-07-12 11:42:27: Copy Over 'C:/personal files/polymer_develop/images/gallery/thumbs/gallery_21_small.jpg' -> 'ftp://psrt.cusat.ac.in:21/public_html/PSRTNEW/images/gallery/thumbs/gallery_21_small.jpg' (31,567)
2022-07-12 11:42:27: Copy Over 'C:/personal files/polymer_develop/images/gallery/thumbs/gallery_22_small.jpg' -> 'ftp://psrt.cusat.ac.in:21/public_html/PSRTNEW/images/gallery/thumbs/gallery_22_small.jpg' (19,368)
2022-07-12 11:42:27: Copy Over 'C:/personal files/polymer_develop/images/gallery/thumbs/gallery_23_small.jpg' -> 'ftp://psrt.cusat.ac.in:21/public_html/PSRTNEW/images/gallery/thumbs/gallery_23_small.jpg' (26,298)
2022-07-12 11:42:27: Copy Over 'C:/personal files/polymer_develop/images/gallery/thumbs/gallery_16_small.jpg' -> 'ftp://psrt.cusat.ac.in:21/public_html/PSRTNEW/images/gallery/thumbs/gallery_16_small.jpg' (32,966)
2022-07-12 11:42:27: Copy Over 'C:/personal files/polymer_develop/images/gallery/thumbs/gallery_24_small.jpg' -> 'ftp://psrt.cusat.ac.in:21/public_html/PSRTNEW/images/gallery/thumbs/gallery_24_small.jpg' (22,770)
2022-07-12 11:42:27: Copy Over 'C:/personal files/polymer_develop/images/history_gallery/history_gallery_02.jpg' -> 'ftp://psrt.cusat.ac.in:21/public_html/PSRTNEW/images/history_gallery/history_gallery_02.jpg' (90,203)
2022-07-12 11:42:27: Copy Over 'C:/personal files/polymer_develop/images/history_gallery/history_gallery_03.jpg' -> 'ftp://psrt.cusat.ac.in:21/public_html/PSRTNEW/images/history_gallery/history_gallery_03.jpg' (144,025)
2022-07-12 11:42:27: Copy Over 'C:/personal files/polymer_develop/images/history_gallery/history_gallery_04.jpg' -> 'ftp://psrt.cusat.ac.in:21/public_html/PSRTNEW/images/history_gallery/history_gallery_04.jpg' (94,733)
2022-07-12 11:42:27: Copy Over 'C:/personal files/polymer_develop/images/history_gallery/history_gallery_06.jpg' -> 'ftp://psrt.cusat.ac.in:21/public_html/PSRTNEW/images/history_gallery/history_gallery_06.jpg' (107,471)
2022-07-12 11:42:27: Copy Over 'C:/personal files/polymer_develop/images/history_gallery/history_gallery_01.jpg' -> 'ftp://psrt.cusat.ac.in:21/public_html/PSRTNEW/images/history_gallery/history_gallery_01.jpg' (88,994)
2022-07-12 11:42:27: Copy Over 'C:/personal files/polymer_develop/images/history_gallery/history_gallery_07.jpg' -> 'ftp://psrt.cusat.ac.in:21/public_html/PSRTNEW/images/history_gallery/history_gallery_07.jpg' (93,752)
2022-07-12 11:42:27: Copy Over 'C:/personal files/polymer_develop/images/history_gallery/history_gallery_08.jpg' -> 'ftp://psrt.cusat.ac.in:21/public_html/PSRTNEW/images/history_gallery/history_gallery_08.jpg' (148,211)
2022-07-12 11:42:28: Copy Over 'C:/personal files/polymer_develop/images/history_gallery/history_gallery_09.jpg' -> 'ftp://psrt.cusat.ac.in:21/public_html/PSRTNEW/images/history_gallery/history_gallery_09.jpg' (107,149)
2022-07-12 11:42:28: Copy Over 'C:/personal files/polymer_develop/images/history_gallery/history_gallery_10.jpg' -> 'ftp://psrt.cusat.ac.in:21/public_html/PSRTNEW/images/history_gallery/history_gallery_10.jpg' (177,510)
2022-07-12 11:42:28: Copy Over 'C:/personal files/polymer_develop/images/history_gallery/history_gallery_05.jpg' -> 'ftp://psrt.cusat.ac.in:21/public_html/PSRTNEW/images/history_gallery/history_gallery_05.jpg' (99,504)
2022-07-12 11:42:28: Copy Over 'C:/personal files/polymer_develop/images/history_gallery/history_gallery_12.jpg' -> 'ftp://psrt.cusat.ac.in:21/public_html/PSRTNEW/images/history_gallery/history_gallery_12.jpg' (63,580)
2022-07-12 11:42:28: Copy Over 'C:/personal files/polymer_develop/images/history_gallery/history_gallery_11.jpg' -> 'ftp://psrt.cusat.ac.in:21/public_html/PSRTNEW/images/history_gallery/history_gallery_11.jpg' (171,718)
2022-07-12 11:42:28: Copy Over 'C:/personal files/polymer_develop/images/history_gallery/history_gallery_13.jpg' -> 'ftp://psrt.cusat.ac.in:21/public_html/PSRTNEW/images/history_gallery/history_gallery_13.jpg' (85,072)
2022-07-12 11:42:28: Copy Over 'C:/personal files/polymer_develop/images/history_gallery/history_gallery_14.jpg' -> 'ftp://psrt.cusat.ac.in:21/public_html/PSRTNEW/images/history_gallery/history_gallery_14.jpg' (76,875)
2022-07-12 11:42:28: Copy Over 'C:/personal files/polymer_develop/images/history_gallery/thumbs/history_gallery_01_small.jpg' -> 'ftp://psrt.cusat.ac.in:21/public_html/PSRTNEW/images/history_gallery/thumbs/history_gallery_01_small.jpg' (27,336)
2022-07-12 11:42:28: Copy Over 'C:/personal files/polymer_develop/images/history_gallery/thumbs/history_gallery_02_small.jpg' -> 'ftp://psrt.cusat.ac.in:21/public_html/PSRTNEW/images/history_gallery/thumbs/history_gallery_02_small.jpg' (22,357)
2022-07-12 11:42:28: Copy Over 'C:/personal files/polymer_develop/images/history_gallery/thumbs/history_gallery_03_small.jpg' -> 'ftp://psrt.cusat.ac.in:21/public_html/PSRTNEW/images/history_gallery/thumbs/history_gallery_03_small.jpg' (27,789)
2022-07-12 11:42:28: Copy Over 'C:/personal files/polymer_develop/images/history_gallery/thumbs/history_gallery_04_small.jpg' -> 'ftp://psrt.cusat.ac.in:21/public_html/PSRTNEW/images/history_gallery/thumbs/history_gallery_04_small.jpg' (22,923)
2022-07-12 11:42:28: Copy Over 'C:/personal files/polymer_develop/images/history_gallery/thumbs/history_gallery_05_small.jpg' -> 'ftp://psrt.cusat.ac.in:21/public_html/PSRTNEW/images/history_gallery/thumbs/history_gallery_05_small.jpg' (27,443)
2022-07-12 11:42:28: Copy Over 'C:/personal files/polymer_develop/images/history_gallery/thumbs/history_gallery_07_small.jpg' -> 'ftp://psrt.cusat.ac.in:21/public_html/PSRTNEW/images/history_gallery/thumbs/history_gallery_07_small.jpg' (29,576)
2022-07-12 11:42:28: Copy Over 'C:/personal files/polymer_develop/images/history_gallery/thumbs/history_gallery_06_small.jpg' -> 'ftp://psrt.cusat.ac.in:21/public_html/PSRTNEW/images/history_gallery/thumbs/history_gallery_06_small.jpg' (29,147)
2022-07-12 11:42:28: Copy Over 'C:/personal files/polymer_develop/images/history_gallery/thumbs/history_gallery_08_small.jpg' -> 'ftp://psrt.cusat.ac.in:21/public_html/PSRTNEW/images/history_gallery/thumbs/history_gallery_08_small.jpg' (32,444)
2022-07-12 11:42:28: Copy Over 'C:/personal files/polymer_develop/images/history_gallery/thumbs/history_gallery_09_small.jpg' -> 'ftp://psrt.cusat.ac.in:21/public_html/PSRTNEW/images/history_gallery/thumbs/history_gallery_09_small.jpg' (28,077)
2022-07-12 11:42:28: Copy Over 'C:/personal files/polymer_develop/images/history_gallery/thumbs/history_gallery_10_small.jpg' -> 'ftp://psrt.cusat.ac.in:21/public_html/PSRTNEW/images/history_gallery/thumbs/history_gallery_10_small.jpg' (35,728)
2022-07-12 11:42:28: Copy Over 'C:/personal files/polymer_develop/images/history_gallery/thumbs/history_gallery_11_small.jpg' -> 'ftp://psrt.cusat.ac.in:21/public_html/PSRTNEW/images/history_gallery/thumbs/history_gallery_11_small.jpg' (37,184)
2022-07-12 11:42:28: Copy Over 'C:/personal files/polymer_develop/images/history_gallery/thumbs/history_gallery_12_small.jpg' -> 'ftp://psrt.cusat.ac.in:21/public_html/PSRTNEW/images/history_gallery/thumbs/history_gallery_12_small.jpg' (22,845)
2022-07-12 11:42:28: Copy Over 'C:/personal files/polymer_develop/images/history_gallery/thumbs/history_gallery_13_small.jpg' -> 'ftp://psrt.cusat.ac.in:21/public_html/PSRTNEW/images/history_gallery/thumbs/history_gallery_13_small.jpg' (25,990)
2022-07-12 11:42:28: Copy Over 'C:/personal files/polymer_develop/images/history_gallery/thumbs/history_gallery_14_small.jpg' -> 'ftp://psrt.cusat.ac.in:21/public_html/PSRTNEW/images/history_gallery/thumbs/history_gallery_14_small.jpg' (25,587)
2022-07-12 11:42:28: Copy Over 'C:/personal files/polymer_develop/images/instruments_gallery/instrument_gallery_03.jpg' -> 'ftp://psrt.cusat.ac.in:21/public_html/PSRTNEW/images/instruments_gallery/instrument_gallery_03.jpg' (28,489)
2022-07-12 11:42:28: Copy Over 'C:/personal files/polymer_develop/images/instruments_gallery/instrument_gallery_02.jpg' -> 'ftp://psrt.cusat.ac.in:21/public_html/PSRTNEW/images/instruments_gallery/instrument_gallery_02.jpg' (97,819)
2022-07-12 11:42:28: Copy Over 'C:/personal files/polymer_develop/images/instruments_gallery/instrument_gallery_01.jpg' -> 'ftp://psrt.cusat.ac.in:21/public_html/PSRTNEW/images/instruments_gallery/instrument_gallery_01.jpg' (107,786)
2022-07-12 11:42:28: Copy Over 'C:/personal files/polymer_develop/images/instruments_gallery/instrument_gallery_05.jpg' -> 'ftp://psrt.cusat.ac.in:21/public_html/PSRTNEW/images/instruments_gallery/instrument_gallery_05.jpg' (105,843)
2022-07-12 11:42:28: Copy Over 'C:/personal files/polymer_develop/images/instruments_gallery/instrument_gallery_04.jpg' -> 'ftp://psrt.cusat.ac.in:21/public_html/PSRTNEW/images/instruments_gallery/instrument_gallery_04.jpg' (102,925)
2022-07-12 11:42:28: Copy Over 'C:/personal files/polymer_develop/images/instruments_gallery/instrument_gallery_06.jpg' -> 'ftp://psrt.cusat.ac.in:21/public_html/PSRTNEW/images/instruments_gallery/instrument_gallery_06.jpg' (114,842)
2022-07-12 11:42:28: Copy Over 'C:/personal files/polymer_develop/images/instruments_gallery/instrument_gallery_08.jpg' -> 'ftp://psrt.cusat.ac.in:21/public_html/PSRTNEW/images/instruments_gallery/instrument_gallery_08.jpg' (63,574)
2022-07-12 11:42:28: Copy Over 'C:/personal files/polymer_develop/images/instruments_gallery/instrument_gallery_07.jpg' -> 'ftp://psrt.cusat.ac.in:21/public_html/PSRTNEW/images/instruments_gallery/instrument_gallery_07.jpg' (102,916)
2022-07-12 11:42:28: Copy Over 'C:/personal files/polymer_develop/images/instruments_gallery/instrument_gallery_09.jpg' -> 'ftp://psrt.cusat.ac.in:21/public_html/PSRTNEW/images/instruments_gallery/instrument_gallery_09.jpg' (109,935)
2022-07-12 11:42:28: Copy Over 'C:/personal files/polymer_develop/images/instruments_gallery/instrument_gallery_10.jpg' -> 'ftp://psrt.cusat.ac.in:21/public_html/PSRTNEW/images/instruments_gallery/instrument_gallery_10.jpg' (106,750)
2022-07-12 11:42:28: Copy Over 'C:/personal files/polymer_develop/images/instruments_gallery/instrument_gallery_11.jpg' -> 'ftp://psrt.cusat.ac.in:21/public_html/PSRTNEW/images/instruments_gallery/instrument_gallery_11.jpg' (86,764)
2022-07-12 11:42:29: Copy Over 'C:/personal files/polymer_develop/images/instruments_gallery/thumbs/instrument_gallery_02_small.jpg' -> 'ftp://psrt.cusat.ac.in:21/public_html/PSRTNEW/images/instruments_gallery/thumbs/instrument_gallery_02_small.jpg' (26,134)
2022-07-12 11:42:29: Copy Over 'C:/personal files/polymer_develop/images/instruments_gallery/thumbs/instrument_gallery_01_small.jpg' -> 'ftp://psrt.cusat.ac.in:21/public_html/PSRTNEW/images/instruments_gallery/thumbs/instrument_gallery_01_small.jpg' (28,160)
2022-07-12 11:42:29: Copy Over 'C:/personal files/polymer_develop/images/instruments_gallery/thumbs/instrument_gallery_03_small.jpg' -> 'ftp://psrt.cusat.ac.in:21/public_html/PSRTNEW/images/instruments_gallery/thumbs/instrument_gallery_03_small.jpg' (16,797)
2022-07-12 11:42:29: Copy Over 'C:/personal files/polymer_develop/images/instruments_gallery/thumbs/instrument_gallery_04_small.jpg' -> 'ftp://psrt.cusat.ac.in:21/public_html/PSRTNEW/images/instruments_gallery/thumbs/instrument_gallery_04_small.jpg' (26,538)
2022-07-12 11:42:29: Copy Over 'C:/personal files/polymer_develop/images/instruments_gallery/thumbs/instrument_gallery_05_small.jpg' -> 'ftp://psrt.cusat.ac.in:21/public_html/PSRTNEW/images/instruments_gallery/thumbs/instrument_gallery_05_small.jpg' (28,433)
2022-07-12 11:42:29: Copy Over 'C:/personal files/polymer_develop/images/instruments_gallery/thumbs/instrument_gallery_06_small.jpg' -> 'ftp://psrt.cusat.ac.in:21/public_html/PSRTNEW/images/instruments_gallery/thumbs/instrument_gallery_06_small.jpg' (25,675)
2022-07-12 11:42:29: Copy Over 'C:/personal files/polymer_develop/images/instruments_gallery/thumbs/instrument_gallery_07_small.jpg' -> 'ftp://psrt.cusat.ac.in:21/public_html/PSRTNEW/images/instruments_gallery/thumbs/instrument_gallery_07_small.jpg' (29,754)
2022-07-12 11:42:29: Copy Over 'C:/personal files/polymer_develop/images/instruments_gallery/thumbs/instrument_gallery_08_small.jpg' -> 'ftp://psrt.cusat.ac.in:21/public_html/PSRTNEW/images/instruments_gallery/thumbs/instrument_gallery_08_small.jpg' (22,343)
2022-07-12 11:42:29: Copy Over 'C:/personal files/polymer_develop/images/instruments_gallery/thumbs/instrument_gallery_09_small.jpg' -> 'ftp://psrt.cusat.ac.in:21/public_html/PSRTNEW/images/instruments_gallery/thumbs/instrument_gallery_09_small.jpg' (27,307)
2022-07-12 11:42:29: Copy Over 'C:/personal files/polymer_develop/images/instruments_gallery/thumbs/instrument_gallery_10_small.jpg' -> 'ftp://psrt.cusat.ac.in:21/public_html/PSRTNEW/images/instruments_gallery/thumbs/instrument_gallery_10_small.jpg' (28,658)
2022-07-12 11:42:29: Copy Over 'C:/personal files/polymer_develop/images/instruments_gallery/instrument_gallery_12.jpg' -> 'ftp://psrt.cusat.ac.in:21/public_html/PSRTNEW/images/instruments_gallery/instrument_gallery_12.jpg' (43,399)
2022-07-12 11:42:29: Copy Over 'C:/personal files/polymer_develop/images/instruments_gallery/thumbs/instrument_gallery_11_small.jpg' -> 'ftp://psrt.cusat.ac.in:21/public_html/PSRTNEW/images/instruments_gallery/thumbs/instrument_gallery_11_small.jpg' (24,766)
2022-07-12 11:42:29: Copy Over 'C:/personal files/polymer_develop/images/instruments_gallery/thumbs/instrument_gallery_12_small.jpg' -> 'ftp://psrt.cusat.ac.in:21/public_html/PSRTNEW/images/instruments_gallery/thumbs/instrument_gallery_12_small.jpg' (19,430)
2022-07-12 11:42:29: Copy Over 'C:/personal files/polymer_develop/images/lightbox_controls.png' -> 'ftp://psrt.cusat.ac.in:21/public_html/PSRTNEW/images/lightbox_controls.png' (2,020)
2022-07-12 11:42:29: Copy Over 'C:/personal files/polymer_develop/images/library.jpg' -> 'ftp://psrt.cusat.ac.in:21/public_html/PSRTNEW/images/library.jpg' (115,604)
2022-07-12 11:42:29: Copy Over 'C:/personal files/polymer_develop/images/logo-favicon.jpg' -> 'ftp://psrt.cusat.ac.in:21/public_html/PSRTNEW/images/logo-favicon.jpg' (4,026)
2022-07-12 11:42:29: Copy Over 'C:/personal files/polymer_develop/images/logo-favicon.png' -> 'ftp://psrt.cusat.ac.in:21/public_html/PSRTNEW/images/logo-favicon.png' (9,567)
2022-07-12 11:42:29: Copy Over 'C:/personal files/polymer_develop/images/psrt-logo-mobile.svg' -> 'ftp://psrt.cusat.ac.in:21/public_html/PSRTNEW/images/psrt-logo-mobile.svg' (13,486)
2022-07-12 11:42:29: Copy Over 'C:/personal files/polymer_develop/images/psrt-logo.svg' -> 'ftp://psrt.cusat.ac.in:21/public_html/PSRTNEW/images/psrt-logo.svg' (13,156)
2022-07-12 11:42:29: Copy Over 'C:/personal files/polymer_develop/includes/footer.php' -> 'ftp://psrt.cusat.ac.in:21/public_html/PSRTNEW/includes/footer.php' (1,219)
2022-07-12 11:42:29: Copy Over 'C:/personal files/polymer_develop/includes/functions.php' -> 'ftp://psrt.cusat.ac.in:21/public_html/PSRTNEW/includes/functions.php' (11,801)
2022-07-12 11:42:29: Copy Over 'C:/personal files/polymer_develop/includes/header.php' -> 'ftp://psrt.cusat.ac.in:21/public_html/PSRTNEW/includes/header.php' (2,609)
2022-07-12 11:42:29: Copy Over 'C:/personal files/polymer_develop/index.php' -> 'ftp://psrt.cusat.ac.in:21/public_html/PSRTNEW/index.php' (3,361)
2022-07-12 11:42:29: Copy Over 'C:/personal files/polymer_develop/infrastructure.php' -> 'ftp://psrt.cusat.ac.in:21/public_html/PSRTNEW/infrastructure.php' (6,312)
2022-07-12 11:42:29: Copy Over 'C:/personal files/polymer_develop/js/bootstrap.bundle.js' -> 'ftp://psrt.cusat.ac.in:21/public_html/PSRTNEW/js/bootstrap.bundle.js' (209,719)
2022-07-12 11:42:29: Copy Over 'C:/personal files/polymer_develop/js/bootstrap.bundle.min.js' -> 'ftp://psrt.cusat.ac.in:21/public_html/PSRTNEW/js/bootstrap.bundle.min.js' (78,129)
2022-07-12 11:42:29: Copy Over 'C:/personal files/polymer_develop/js/bootstrap.bundle.js.map' -> 'ftp://psrt.cusat.ac.in:21/public_html/PSRTNEW/js/bootstrap.bundle.js.map' (427,637)
2022-07-12 11:42:29: Copy Over 'C:/personal files/polymer_develop/js/bootstrap.bundle.min.js.map' -> 'ftp://psrt.cusat.ac.in:21/public_html/PSRTNEW/js/bootstrap.bundle.min.js.map' (331,017)
2022-07-12 11:42:29: Copy Over 'C:/personal files/polymer_develop/js/bootstrap.esm.js.map' -> 'ftp://psrt.cusat.ac.in:21/public_html/PSRTNEW/js/bootstrap.esm.js.map' (289,576)
2022-07-12 11:42:29: Copy Over 'C:/personal files/polymer_develop/js/bootstrap.esm.min.js' -> 'ftp://psrt.cusat.ac.in:21/public_html/PSRTNEW/js/bootstrap.esm.min.js' (72,614)
2022-07-12 11:42:29: Copy Over 'C:/personal files/polymer_develop/js/bootstrap.esm.min.js.map' -> 'ftp://psrt.cusat.ac.in:21/public_html/PSRTNEW/js/bootstrap.esm.min.js.map' (223,558)
2022-07-12 11:42:30: Copy Over 'C:/personal files/polymer_develop/js/bootstrap.esm.js' -> 'ftp://psrt.cusat.ac.in:21/public_html/PSRTNEW/js/bootstrap.esm.js' (139,773)
2022-07-12 11:42:30: Copy Over 'C:/personal files/polymer_develop/js/bootstrap.js' -> 'ftp://psrt.cusat.ac.in:21/public_html/PSRTNEW/js/bootstrap.js' (148,892)
2022-07-12 11:42:30: Copy Over 'C:/personal files/polymer_develop/js/bootstrap.js.map' -> 'ftp://psrt.cusat.ac.in:21/public_html/PSRTNEW/js/bootstrap.js.map' (290,776)
2022-07-12 11:42:30: Copy Over 'C:/personal files/polymer_develop/js/bootstrap.min.js' -> 'ftp://psrt.cusat.ac.in:21/public_html/PSRTNEW/js/bootstrap.min.js' (59,219)
2022-07-12 11:42:30: Copy Over 'C:/personal files/polymer_develop/js/jquery-3.6.0.min.js' -> 'ftp://psrt.cusat.ac.in:21/public_html/PSRTNEW/js/jquery-3.6.0.min.js' (89,501)
2022-07-12 11:42:30: Copy Over 'C:/personal files/polymer_develop/js/bootstrap.min.js.map' -> 'ftp://psrt.cusat.ac.in:21/public_html/PSRTNEW/js/bootstrap.min.js.map' (219,918)
2022-07-12 11:42:30: Copy Over 'C:/personal files/polymer_develop/js/lightboxed.js' -> 'ftp://psrt.cusat.ac.in:21/public_html/PSRTNEW/js/lightboxed.js' (20,543)
2022-07-12 11:42:30: Copy Over 'C:/personal files/polymer_develop/js/psrt_script.js' -> 'ftp://psrt.cusat.ac.in:21/public_html/PSRTNEW/js/psrt_script.js' (116)
2022-07-12 11:42:30: Copy Over 'C:/personal files/polymer_develop/js/stellarnav.min.js' -> 'ftp://psrt.cusat.ac.in:21/public_html/PSRTNEW/js/stellarnav.min.js' (7,949)
2022-07-12 11:42:31: Copy Over 'C:/personal files/polymer_develop/pdf-files/anti-ragging-committee-2020.pdf' -> 'ftp://psrt.cusat.ac.in:21/public_html/PSRTNEW/pdf-files/anti-ragging-committee-2020.pdf' (827,352)
2022-07-12 11:42:31: Copy Over 'C:/personal files/polymer_develop/pdf-files/bio_cpr_new.pdf' -> 'ftp://psrt.cusat.ac.in:21/public_html/PSRTNEW/pdf-files/bio_cpr_new.pdf' (1,149,407)
2022-07-12 11:42:32: Copy Over 'C:/personal files/polymer_develop/pdf-files/bio_sari.pdf' -> 'ftp://psrt.cusat.ac.in:21/public_html/PSRTNEW/pdf-files/bio_sari.pdf' (837,290)
2022-07-12 11:42:32: Copy Over 'C:/personal files/polymer_develop/pdf-files/bos_2021.pdf' -> 'ftp://psrt.cusat.ac.in:21/public_html/PSRTNEW/pdf-files/bos_2021.pdf' (934,768)
2022-07-12 11:42:32: Copy Over 'C:/personal files/polymer_develop/pdf-files/btech_syllabus_2015.pdf' -> 'ftp://psrt.cusat.ac.in:21/public_html/PSRTNEW/pdf-files/btech_syllabus_2015.pdf' (178,075)
2022-07-12 11:42:33: Copy Over 'C:/personal files/polymer_develop/pdf-files/eoa_report_21-22.pdf' -> 'ftp://psrt.cusat.ac.in:21/public_html/PSRTNEW/pdf-files/eoa_report_21-22.pdf' (217,131)
2022-07-12 11:42:33: Copy Over 'C:/personal files/polymer_develop/pdf-files/brochure-psrt-2021.pdf' -> 'ftp://psrt.cusat.ac.in:21/public_html/PSRTNEW/pdf-files/brochure-psrt-2021.pdf' (3,861,615)
2022-07-12 11:42:34: Copy Over 'C:/personal files/polymer_develop/pdf-files/btech_syllabus_2020.pdf' -> 'ftp://psrt.cusat.ac.in:21/public_html/PSRTNEW/pdf-files/btech_syllabus_2020.pdf' (1,884,828)
2022-07-12 11:42:34: Copy Over 'C:/personal files/polymer_develop/pdf-files/eoa_reports_merged.pdf' -> 'ftp://psrt.cusat.ac.in:21/public_html/PSRTNEW/pdf-files/eoa_reports_merged.pdf' (749,301)
2022-07-12 11:42:34: Copy Over 'C:/personal files/polymer_develop/pdf-files/grievance-redressal-cell.pdf' -> 'ftp://psrt.cusat.ac.in:21/public_html/PSRTNEW/pdf-files/grievance-redressal-cell.pdf' (378,511)
2022-07-12 11:42:34: Copy Over 'C:/personal files/polymer_develop/pdf-files/mtech_syllabus_2015.pdf' -> 'ftp://psrt.cusat.ac.in:21/public_html/PSRTNEW/pdf-files/mtech_syllabus_2015.pdf' (92,659)
2022-07-12 11:42:34: Copy Over 'C:/personal files/polymer_develop/pdf-files/iso.pdf' -> 'ftp://psrt.cusat.ac.in:21/public_html/PSRTNEW/pdf-files/iso.pdf' (250,508)
2022-07-12 11:42:34: Copy Over 'C:/personal files/polymer_develop/pdf-files/mandatory_disclosure_april_2022.pdf' -> 'ftp://psrt.cusat.ac.in:21/public_html/PSRTNEW/pdf-files/mandatory_disclosure_april_2022.pdf' (351,833)
2022-07-12 11:42:35: Copy Over 'C:/personal files/polymer_develop/SCSS/psrt_styles.scss' -> 'ftp://psrt.cusat.ac.in:21/public_html/PSRTNEW/SCSS/psrt_styles.scss' (6,522)
2022-07-12 11:42:35: Copy Over 'C:/personal files/polymer_develop/pdf-files/mtech_syllabus_2020.pdf' -> 'ftp://psrt.cusat.ac.in:21/public_html/PSRTNEW/pdf-files/mtech_syllabus_2020.pdf' (1,071,763)
2022-07-12 11:42:37: Copy Over 'C:/personal files/polymer_develop/pdf-files/prospectus_2022.pdf' -> 'ftp://psrt.cusat.ac.in:21/public_html/PSRTNEW/pdf-files/prospectus_2022.pdf' (6,453,695)
2022-07-12 11:42:38: == Sync Complete. Time: 00:00:16, Speed: 2.78 MB/s, OK: 250, Errors: 1
